{"data":{"log_version":3,"version":"=2.0.0-preview.170"},"info":{"category":"","code":"A001","extra":{},"invocation_id":"019d8210-aa64-7ad0-9527-48fd795a041a","level":"info","msg":"Running with dbt-fusion=2.0.0-preview.170","name":"MainReportVersion","pid":36096,"thread":"tokio-rt-worker","ts":"2026-04-12T14:20:23.535937Z"}}
{"data":{"args":{"debug":"false","invocation_command":"C:\\Users\\NewUser\\.local\\bin\\dbt.exe license info --json --log-format json","log_format":"json","quiet":"false","write_json":"true"}},"info":{"category":"","code":"A002","extra":{},"invocation_id":"019d8210-aa64-7ad0-9527-48fd795a041a","level":"debug","msg":"running dbt-fusion with argumets {\"command\":\"license\",\"vars\":\"{}\",\"limit\":\"10\",\"debug\":false,\"log_format\":\"json\",\"quiet\":false,\"write_json\":true,\"write_catalog\":false}","name":"MainReportArgs","pid":36096,"thread":"tokio-rt-worker","ts":"2026-04-12T14:20:23.536941Z"}}
{"data":{},"info":{"category":"","code":"","extra":{},"invocation_id":"019d8210-aa64-7ad0-9527-48fd795a041a","level":"debug","msg":"No active cloud project configured, skipping remote license","name":"Generic","pid":36096,"thread":"tokio-rt-worker","ts":"2026-04-12T14:20:23.550761Z"}}
{"data":{"columns":[],"is_inline":true,"node_name":"license_info","output_format":"json","preview":"{\n  \"status\": \"not_found\",\n  \"licensing_enabled\": true\n}","unique_id":"license.info"},"info":{"category":"","code":"Q041","extra":{},"invocation_id":"019d8210-aa64-7ad0-9527-48fd795a041a","level":"info","msg":"{\n  \"status\": \"not_found\",\n  \"licensing_enabled\": true\n}","name":"ShowNode","pid":36096,"thread":"tokio-rt-worker","ts":"2026-04-12T14:20:23.552290Z"}}
{"data":{"completed_at":"2026-04-12T14:20:24.138061Z","elapsed":0.6041253209114075,"success":true},"info":{"category":"","code":"Q039","extra":{},"invocation_id":"019d8210-aa64-7ad0-9527-48fd795a041a","level":"info","msg":"\n==================== Execution Summary =====================\nFinished 'license' successfully [604ms]","name":"CommandCompleted","pid":36096,"thread":"tokio-rt-worker","ts":"2026-04-12T14:20:24.138692Z"}}
{"data":{"log_version":3,"version":"=2.0.0-preview.171"},"info":{"category":"","code":"A001","extra":{},"invocation_id":"019d8fe1-9ad4-7173-aae4-5a7e911a4e21","level":"info","msg":"Running with dbt-fusion=2.0.0-preview.171","name":"MainReportVersion","pid":3364,"thread":"tokio-rt-worker","ts":"2026-04-15T06:43:40.485322Z"}}
{"data":{"args":{"debug":"false","invocation_command":"C:\\Users\\NewUser\\.local\\bin\\dbt.exe license info --json --log-format json","log_format":"json","quiet":"false","write_json":"true"}},"info":{"category":"","code":"A002","extra":{},"invocation_id":"019d8fe1-9ad4-7173-aae4-5a7e911a4e21","level":"debug","msg":"running dbt-fusion with argumets {\"command\":\"license\",\"vars\":\"{}\",\"limit\":\"10\",\"debug\":false,\"log_format\":\"json\",\"quiet\":false,\"write_json\":true,\"write_catalog\":false}","name":"MainReportArgs","pid":3364,"thread":"tokio-rt-worker","ts":"2026-04-15T06:43:40.485397Z"}}
{"data":{},"info":{"category":"","code":"","extra":{},"invocation_id":"019d8fe1-9ad4-7173-aae4-5a7e911a4e21","level":"debug","msg":"No active cloud project configured, skipping remote license","name":"Generic","pid":3364,"thread":"tokio-rt-worker","ts":"2026-04-15T06:43:40.504324Z"}}
{"data":{"columns":[],"is_inline":true,"node_name":"license_info","output_format":"json","preview":"{\n  \"status\": \"not_found\",\n  \"licensing_enabled\": true\n}","unique_id":"license.info"},"info":{"category":"","code":"Q041","extra":{},"invocation_id":"019d8fe1-9ad4-7173-aae4-5a7e911a4e21","level":"info","msg":"{\n  \"status\": \"not_found\",\n  \"licensing_enabled\": true\n}","name":"ShowNode","pid":3364,"thread":"tokio-rt-worker","ts":"2026-04-15T06:43:40.507227Z"}}
{"data":{"completed_at":"2026-04-15T06:43:41.255978Z","elapsed":0.7835114002227783,"success":true},"info":{"category":"","code":"Q039","extra":{},"invocation_id":"019d8fe1-9ad4-7173-aae4-5a7e911a4e21","level":"info","msg":"\n==================== Execution Summary =====================\nFinished 'license' successfully [783ms]","name":"CommandCompleted","pid":3364,"thread":"tokio-rt-worker","ts":"2026-04-15T06:43:41.258944Z"}}
[0m10:23:45.622850 [debug] [MainThread]: Sending event: {'category': 'dbt', 'action': 'invocation', 'label': 'start', 'context': [<snowplow_tracker.self_describing_json.SelfDescribingJson object at 0x000001E5CFE61FD0>, <snowplow_tracker.self_describing_json.SelfDescribingJson object at 0x000001E5CCA64B90>, <snowplow_tracker.self_describing_json.SelfDescribingJson object at 0x000001E5D1F1BD90>]}


============================== 10:23:45.693080 | 229d9880-09ad-45c1-99fd-521813f6bd06 ==============================
[0m10:23:45.693080 [info ] [MainThread]: Running with dbt=1.11.8
[0m10:23:45.694670 [debug] [MainThread]: running dbt with arguments {'version_check': 'True', 'no_print': 'None', 'static_parser': 'True', 'warn_error_options': 'WarnErrorOptionsV2(error=[], warn=[], silence=[])', 'target_path': 'None', 'printer_width': '80', 'write_json': 'True', 'empty': 'False', 'log_cache_events': 'False', 'introspect': 'True', 'cache_selected_only': 'False', 'log_format': 'default', 'debug': 'False', 'fail_fast': 'False', 'partial_parse': 'True', 'send_anonymous_usage_stats': 'True', 'quiet': 'False', 'warn_error': 'None', 'profiles_dir': 'C:\\Users\\NewUser\\.dbt', 'invocation_command': 'dbt run --select stg_requests', 'use_colors': 'True', 'indirect_selection': 'eager', 'use_experimental_parser': 'False', 'log_path': 'logs'}
[0m10:23:45.695317 [error] [MainThread]: Encountered an error:
Runtime Error
  No dbt_project.yml found at expected path C:\Users\NewUser\Desktop\DX-Sandbox\dbt_project.yml
  Verify that each entry within packages.yml (and their transitive dependencies) contains a file named dbt_project.yml
  
[0m10:23:45.696422 [debug] [MainThread]: Command `dbt run` failed at 10:23:45.696271 after 0.33 seconds
[0m10:23:45.696866 [debug] [MainThread]: Sending event: {'category': 'dbt', 'action': 'invocation', 'label': 'end', 'context': [<snowplow_tracker.self_describing_json.SelfDescribingJson object at 0x000001E5D1F4CC30>, <snowplow_tracker.self_describing_json.SelfDescribingJson object at 0x000001E5D1F32690>, <snowplow_tracker.self_describing_json.SelfDescribingJson object at 0x000001E5D1FE8050>]}
[0m10:23:45.697339 [debug] [MainThread]: Flushing usage events
[0m10:23:46.891789 [debug] [MainThread]: An error was encountered while trying to flush usage events
[0m10:24:21.640289 [debug] [MainThread]: Sending event: {'category': 'dbt', 'action': 'invocation', 'label': 'start', 'context': [<snowplow_tracker.self_describing_json.SelfDescribingJson object at 0x00000228E62ED940>, <snowplow_tracker.self_describing_json.SelfDescribingJson object at 0x00000228E6BB5450>, <snowplow_tracker.self_describing_json.SelfDescribingJson object at 0x00000228E82AFD90>]}


============================== 10:24:21.654344 | 8b2b7bf0-3432-40a8-992c-fbaad7f25046 ==============================
[0m10:24:21.654344 [info ] [MainThread]: Running with dbt=1.11.8
[0m10:24:21.655356 [debug] [MainThread]: running dbt with arguments {'static_parser': 'True', 'no_print': 'None', 'version_check': 'True', 'target_path': 'None', 'warn_error_options': 'WarnErrorOptionsV2(error=[], warn=[], silence=[])', 'printer_width': '80', 'write_json': 'True', 'empty': 'False', 'log_cache_events': 'False', 'introspect': 'True', 'cache_selected_only': 'False', 'log_format': 'default', 'debug': 'False', 'fail_fast': 'False', 'profiles_dir': 'C:\\Users\\NewUser\\.dbt', 'send_anonymous_usage_stats': 'True', 'quiet': 'False', 'warn_error': 'None', 'partial_parse': 'True', 'use_colors': 'True', 'invocation_command': 'dbt run --select stg_requests', 'indirect_selection': 'eager', 'use_experimental_parser': 'False', 'log_path': 'logs'}
[0m10:24:21.655984 [error] [MainThread]: Encountered an error:
Runtime Error
  No dbt_project.yml found at expected path C:\Users\NewUser\Desktop\DX-Sandbox\dbt_project.yml
  Verify that each entry within packages.yml (and their transitive dependencies) contains a file named dbt_project.yml
  
[0m10:24:21.657283 [debug] [MainThread]: Command `dbt run` failed at 10:24:21.657088 after 0.20 seconds
[0m10:24:21.657718 [debug] [MainThread]: Sending event: {'category': 'dbt', 'action': 'invocation', 'label': 'end', 'context': [<snowplow_tracker.self_describing_json.SelfDescribingJson object at 0x00000228E82E2EA0>, <snowplow_tracker.self_describing_json.SelfDescribingJson object at 0x00000228E83369F0>, <snowplow_tracker.self_describing_json.SelfDescribingJson object at 0x00000228E8147460>]}
[0m10:24:21.658765 [debug] [MainThread]: Flushing usage events
[0m10:24:22.814244 [debug] [MainThread]: An error was encountered while trying to flush usage events
[0m10:41:22.937421 [debug] [MainThread]: Sending event: {'category': 'dbt', 'action': 'invocation', 'label': 'start', 'context': [<snowplow_tracker.self_describing_json.SelfDescribingJson object at 0x0000017A8C2ED940>, <snowplow_tracker.self_describing_json.SelfDescribingJson object at 0x0000017A8CBB5450>, <snowplow_tracker.self_describing_json.SelfDescribingJson object at 0x0000017A8E2AFD90>]}


============================== 10:41:22.941271 | 2131ca5d-c450-4aa3-8c5d-2c3c8051b709 ==============================
[0m10:41:22.941271 [info ] [MainThread]: Running with dbt=1.11.8
[0m10:41:22.942076 [debug] [MainThread]: running dbt with arguments {'version_check': 'True', 'no_print': 'None', 'static_parser': 'True', 'warn_error_options': 'WarnErrorOptionsV2(error=[], warn=[], silence=[])', 'target_path': 'None', 'printer_width': '80', 'write_json': 'True', 'introspect': 'True', 'log_cache_events': 'False', 'empty': 'False', 'cache_selected_only': 'False', 'log_format': 'default', 'debug': 'False', 'fail_fast': 'False', 'partial_parse': 'True', 'send_anonymous_usage_stats': 'True', 'quiet': 'False', 'warn_error': 'None', 'profiles_dir': 'C:\\Users\\NewUser\\.dbt', 'invocation_command': 'dbt run --select stg_requests', 'use_colors': 'True', 'indirect_selection': 'eager', 'use_experimental_parser': 'False', 'log_path': 'logs'}
[0m10:41:22.942543 [error] [MainThread]: Encountered an error:
Runtime Error
  No dbt_project.yml found at expected path C:\Users\NewUser\Desktop\DX-Sandbox\dbt_project.yml
  Verify that each entry within packages.yml (and their transitive dependencies) contains a file named dbt_project.yml
  
[0m10:41:22.943446 [debug] [MainThread]: Command `dbt run` failed at 10:41:22.943343 after 0.23 seconds
[0m10:41:22.943715 [debug] [MainThread]: Sending event: {'category': 'dbt', 'action': 'invocation', 'label': 'end', 'context': [<snowplow_tracker.self_describing_json.SelfDescribingJson object at 0x0000017A8E2F6EA0>, <snowplow_tracker.self_describing_json.SelfDescribingJson object at 0x0000017A8E3369F0>, <snowplow_tracker.self_describing_json.SelfDescribingJson object at 0x0000017A8E147460>]}
[0m10:41:22.944008 [debug] [MainThread]: Flushing usage events
[0m10:41:24.079754 [debug] [MainThread]: An error was encountered while trying to flush usage events
{"data":{"log_version":3,"version":"=2.0.0-preview.171"},"info":{"category":"","code":"A001","extra":{},"invocation_id":"019d9134-66d5-7e82-8fdd-43ff1e8a2e99","level":"info","msg":"Running with dbt-fusion=2.0.0-preview.171","name":"MainReportVersion","pid":23336,"thread":"tokio-rt-worker","ts":"2026-04-15T12:53:43.772745Z"}}
{"data":{"args":{"debug":"false","invocation_command":"C:\\Users\\NewUser\\.local\\bin\\dbt.exe license info --json --log-format json","log_format":"json","quiet":"false","write_json":"true"}},"info":{"category":"","code":"A002","extra":{},"invocation_id":"019d9134-66d5-7e82-8fdd-43ff1e8a2e99","level":"debug","msg":"running dbt-fusion with argumets {\"command\":\"license\",\"vars\":\"{}\",\"limit\":\"10\",\"debug\":false,\"log_format\":\"json\",\"quiet\":false,\"write_json\":true,\"write_catalog\":false}","name":"MainReportArgs","pid":23336,"thread":"tokio-rt-worker","ts":"2026-04-15T12:53:43.772772Z"}}
{"data":{},"info":{"category":"","code":"","extra":{},"invocation_id":"019d9134-66d5-7e82-8fdd-43ff1e8a2e99","level":"debug","msg":"No active cloud project configured, skipping remote license","name":"Generic","pid":23336,"thread":"tokio-rt-worker","ts":"2026-04-15T12:53:43.778121Z"}}
{"data":{"columns":[],"is_inline":true,"node_name":"license_info","output_format":"json","preview":"{\n  \"status\": \"not_found\",\n  \"licensing_enabled\": true\n}","unique_id":"license.info"},"info":{"category":"","code":"Q041","extra":{},"invocation_id":"019d9134-66d5-7e82-8fdd-43ff1e8a2e99","level":"info","msg":"{\n  \"status\": \"not_found\",\n  \"licensing_enabled\": true\n}","name":"ShowNode","pid":23336,"thread":"tokio-rt-worker","ts":"2026-04-15T12:53:43.778906Z"}}
{"data":{"completed_at":"2026-04-15T12:53:44.329739Z","elapsed":0.5575134754180908,"success":true},"info":{"category":"","code":"Q039","extra":{},"invocation_id":"019d9134-66d5-7e82-8fdd-43ff1e8a2e99","level":"info","msg":"\n==================== Execution Summary =====================\nFinished 'license' successfully [557ms]","name":"CommandCompleted","pid":23336,"thread":"tokio-rt-worker","ts":"2026-04-15T12:53:44.329875Z"}}
[0m15:54:35.153048 [debug] [MainThread]: Sending event: {'category': 'dbt', 'action': 'invocation', 'label': 'start', 'context': [<snowplow_tracker.self_describing_json.SelfDescribingJson object at 0x00000220824ED940>, <snowplow_tracker.self_describing_json.SelfDescribingJson object at 0x0000022082DB5450>, <snowplow_tracker.self_describing_json.SelfDescribingJson object at 0x00000220844AFD90>]}


============================== 15:54:35.163064 | 4bb06b69-58b0-4d4f-a1ca-0bdcf185fca2 ==============================
[0m15:54:35.163064 [info ] [MainThread]: Running with dbt=1.11.8
[0m15:54:35.164159 [debug] [MainThread]: running dbt with arguments {'version_check': 'True', 'no_print': 'None', 'static_parser': 'True', 'warn_error_options': 'WarnErrorOptionsV2(error=[], warn=[], silence=[])', 'target_path': 'None', 'printer_width': '80', 'write_json': 'True', 'empty': 'False', 'log_cache_events': 'False', 'introspect': 'True', 'cache_selected_only': 'False', 'fail_fast': 'False', 'debug': 'False', 'log_format': 'default', 'partial_parse': 'True', 'send_anonymous_usage_stats': 'True', 'quiet': 'False', 'warn_error': 'None', 'profiles_dir': 'C:\\Users\\NewUser\\.dbt', 'indirect_selection': 'eager', 'use_colors': 'True', 'invocation_command': 'dbt run', 'use_experimental_parser': 'False', 'log_path': 'logs'}
[0m15:54:35.164661 [error] [MainThread]: Encountered an error:
Runtime Error
  No dbt_project.yml found at expected path C:\Users\NewUser\Desktop\DX-Sandbox\dbt_project.yml
  Verify that each entry within packages.yml (and their transitive dependencies) contains a file named dbt_project.yml
  
[0m15:54:35.165928 [debug] [MainThread]: Command `dbt run` failed at 15:54:35.165798 after 0.24 seconds
[0m15:54:35.166282 [debug] [MainThread]: Sending event: {'category': 'dbt', 'action': 'invocation', 'label': 'end', 'context': [<snowplow_tracker.self_describing_json.SelfDescribingJson object at 0x00000220844F6EA0>, <snowplow_tracker.self_describing_json.SelfDescribingJson object at 0x00000220845369F0>, <snowplow_tracker.self_describing_json.SelfDescribingJson object at 0x0000022084347460>]}
[0m15:54:35.166670 [debug] [MainThread]: Flushing usage events
[0m15:54:36.623660 [debug] [MainThread]: An error was encountered while trying to flush usage events
{"data":{"log_version":3,"version":"=2.0.0-preview.171"},"info":{"category":"","code":"A001","extra":{},"invocation_id":"019d9510-cdb8-7dd3-8f02-6025a9a8e887","level":"info","msg":"Running with dbt-fusion=2.0.0-preview.171","name":"MainReportVersion","pid":25648,"thread":"tokio-rt-worker","ts":"2026-04-16T06:53:19.907340Z"}}
{"data":{"args":{"debug":"false","invocation_command":"C:\\Users\\NewUser\\.local\\bin\\dbt.exe license info --json --log-format json","log_format":"json","quiet":"false","write_json":"true"}},"info":{"category":"","code":"A002","extra":{},"invocation_id":"019d9510-cdb8-7dd3-8f02-6025a9a8e887","level":"debug","msg":"running dbt-fusion with argumets {\"command\":\"license\",\"vars\":\"{}\",\"limit\":\"10\",\"debug\":false,\"log_format\":\"json\",\"quiet\":false,\"write_json\":true,\"write_catalog\":false}","name":"MainReportArgs","pid":25648,"thread":"tokio-rt-worker","ts":"2026-04-16T06:53:19.907771Z"}}
{"data":{},"info":{"category":"","code":"","extra":{},"invocation_id":"019d9510-cdb8-7dd3-8f02-6025a9a8e887","level":"debug","msg":"No active cloud project configured, skipping remote license","name":"Generic","pid":25648,"thread":"tokio-rt-worker","ts":"2026-04-16T06:53:19.928468Z"}}
{"data":{"columns":[],"is_inline":true,"node_name":"license_info","output_format":"json","preview":"{\n  \"status\": \"not_found\",\n  \"licensing_enabled\": true\n}","unique_id":"license.info"},"info":{"category":"","code":"Q041","extra":{},"invocation_id":"019d9510-cdb8-7dd3-8f02-6025a9a8e887","level":"info","msg":"{\n  \"status\": \"not_found\",\n  \"licensing_enabled\": true\n}","name":"ShowNode","pid":25648,"thread":"tokio-rt-worker","ts":"2026-04-16T06:53:19.932761Z"}}
{"data":{"completed_at":"2026-04-16T06:53:20.628231Z","elapsed":0.730987012386322,"success":true},"info":{"category":"","code":"Q039","extra":{},"invocation_id":"019d9510-cdb8-7dd3-8f02-6025a9a8e887","level":"info","msg":"\n==================== Execution Summary =====================\nFinished 'license' successfully [730ms]","name":"CommandCompleted","pid":25648,"thread":"tokio-rt-worker","ts":"2026-04-16T06:53:20.631696Z"}}
